<?xml version="1.0" encoding="UTF-8"?>
<testsuite name="ConcurrentQueueSequentialApiTest" tests="12" skipped="0" failures="0" errors="0" timestamp="2026-06-23T14:43:16" hostname="DESKTOP-B3BT2KB" time="0.02">
  <properties/>
  <testcase name="lcrq mixed Object API matches ConcurrentLinkedQueue" classname="ConcurrentQueueSequentialApiTest" time="0.0"/>
  <testcase name="msqueue mixed Object API matches ConcurrentLinkedQueue" classname="ConcurrentQueueSequentialApiTest" time="0.0"/>
  <testcase name="official mixed Object API matches ConcurrentLinkedQueue" classname="ConcurrentQueueSequentialApiTest" time="0.0"/>
  <testcase name="lcrq integer API matches FIFO semantics" classname="ConcurrentQueueSequentialApiTest" time="0.002"/>
  <testcase name="msqueue integer API matches FIFO semantics" classname="ConcurrentQueueSequentialApiTest" time="0.0"/>
  <testcase name="official integer API matches FIFO semantics" classname="ConcurrentQueueSequentialApiTest" time="0.001"/>
  <testcase name="lcrq string API matches FIFO semantics" classname="ConcurrentQueueSequentialApiTest" time="0.002"/>
  <testcase name="msqueue string API matches FIFO semantics" classname="ConcurrentQueueSequentialApiTest" time="0.001"/>
  <testcase name="official string API matches FIFO semantics" classname="ConcurrentQueueSequentialApiTest" time="0.001"/>
  <testcase name="lcrq null behavior matches ConcurrentLinkedQueue" classname="ConcurrentQueueSequentialApiTest" time="0.001"/>
  <testcase name="msqueue null behavior matches ConcurrentLinkedQueue" classname="ConcurrentQueueSequentialApiTest" time="0.001"/>
  <testcase name="official null behavior matches ConcurrentLinkedQueue" classname="ConcurrentQueueSequentialApiTest" time="0.001"/>
  <system-out><![CDATA[]]></system-out>
  <system-err><![CDATA[]]></system-err>
</testsuite>
